<?xml version="1.0" encoding="UTF-8"?>
<testng-results ignored="1" total="2" passed="1" failed="0" skipped="0">
  <reporter-output>
  </reporter-output>
  <suite started-at="2022-09-27T23:57:43 PDT" name="Default suite" finished-at="2022-09-27T23:57:48 PDT" duration-ms="4102">
    <groups>
    </groups>
    <test started-at="2022-09-27T23:57:43 PDT" name="Default test" finished-at="2022-09-27T23:57:48 PDT" duration-ms="4102">
      <class name="GetResponseBody">
        <test-method signature="getActivities()[pri:0, instance:GetResponseBody@3a6bb9bf]" started-at="2022-09-27T23:57:44 PDT" name="getActivities" finished-at="2022-09-27T23:57:48 PDT" duration-ms="4048" status="PASS">
          <reporter-output>
          </reporter-output>
        </test-method> <!-- getActivities -->
      </class> <!-- GetResponseBody -->
    </test> <!-- Default test -->
  </suite> <!-- Default suite -->
</testng-results>
